0 info it worked if it ends with ok
1 verbose cli [ '/usr/local/bin/node', '/usr/local/bin/npm', 'install' ]
2 info using npm@1.2.30
3 info using node@v0.10.11
4 verbose read json /Users/AgtLucas/Sites/backbone-slides/package.json
5 warn package.json backbone-slides@0.0.0 No repository field.
6 warn package.json backbone-slides@0.0.0 No readme data.
7 verbose readDependencies using package.json deps
8 verbose install where, deps [ '/Users/AgtLucas/Sites/backbone-slides',
8 verbose install   [ 'grunt',
8 verbose install     'grunt-contrib-copy',
8 verbose install     'grunt-contrib-concat',
8 verbose install     'grunt-contrib-coffee',
8 verbose install     'grunt-contrib-uglify',
8 verbose install     'grunt-contrib-compass',
8 verbose install     'grunt-contrib-jshint',
8 verbose install     'grunt-contrib-cssmin',
8 verbose install     'grunt-contrib-connect',
8 verbose install     'grunt-contrib-clean',
8 verbose install     'grunt-contrib-htmlmin',
8 verbose install     'grunt-bower-requirejs',
8 verbose install     'grunt-contrib-requirejs',
8 verbose install     'grunt-contrib-imagemin',
8 verbose install     'grunt-contrib-watch',
8 verbose install     'grunt-rev',
8 verbose install     'grunt-autoprefixer',
8 verbose install     'grunt-usemin',
8 verbose install     'grunt-mocha',
8 verbose install     'grunt-open',
8 verbose install     'grunt-svgmin',
8 verbose install     'grunt-concurrent',
8 verbose install     'matchdep',
8 verbose install     'connect-livereload' ] ]
9 verbose from cache /Users/AgtLucas/Sites/backbone-slides/package.json
10 info preinstall backbone-slides@0.0.0
11 verbose from cache /Users/AgtLucas/Sites/backbone-slides/package.json
12 verbose readDependencies using package.json deps
13 verbose cache add [ 'grunt-contrib-concat@~0.1.3', null ]
14 verbose cache add name=undefined spec="grunt-contrib-concat@~0.1.3" args=["grunt-contrib-concat@~0.1.3",null]
15 verbose parsed url { protocol: null,
15 verbose parsed url   slashes: null,
15 verbose parsed url   auth: null,
15 verbose parsed url   host: null,
15 verbose parsed url   port: null,
15 verbose parsed url   hostname: null,
15 verbose parsed url   hash: null,
15 verbose parsed url   search: null,
15 verbose parsed url   query: null,
15 verbose parsed url   pathname: 'grunt-contrib-concat@~0.1.3',
15 verbose parsed url   path: 'grunt-contrib-concat@~0.1.3',
15 verbose parsed url   href: 'grunt-contrib-concat@~0.1.3' }
16 verbose cache add name="grunt-contrib-concat" spec="~0.1.3" args=["grunt-contrib-concat","~0.1.3"]
17 verbose parsed url { protocol: null,
17 verbose parsed url   slashes: null,
17 verbose parsed url   auth: null,
17 verbose parsed url   host: null,
17 verbose parsed url   port: null,
17 verbose parsed url   hostname: null,
17 verbose parsed url   hash: null,
17 verbose parsed url   search: null,
17 verbose parsed url   query: null,
17 verbose parsed url   pathname: '~0.1.3',
17 verbose parsed url   path: '~0.1.3',
17 verbose parsed url   href: '~0.1.3' }
18 verbose addNamed [ 'grunt-contrib-concat', '~0.1.3' ]
19 verbose addNamed [ null, '>=0.1.3- <0.2.0-' ]
20 silly lockFile dfacc275-grunt-contrib-concat-0-1-3 grunt-contrib-concat@~0.1.3
21 verbose lock grunt-contrib-concat@~0.1.3 /Users/AgtLucas/.npm/dfacc275-grunt-contrib-concat-0-1-3.lock
22 verbose cache add [ 'grunt-contrib-coffee@~0.6.5', null ]
23 verbose cache add name=undefined spec="grunt-contrib-coffee@~0.6.5" args=["grunt-contrib-coffee@~0.6.5",null]
24 verbose parsed url { protocol: null,
24 verbose parsed url   slashes: null,
24 verbose parsed url   auth: null,
24 verbose parsed url   host: null,
24 verbose parsed url   port: null,
24 verbose parsed url   hostname: null,
24 verbose parsed url   hash: null,
24 verbose parsed url   search: null,
24 verbose parsed url   query: null,
24 verbose parsed url   pathname: 'grunt-contrib-coffee@~0.6.5',
24 verbose parsed url   path: 'grunt-contrib-coffee@~0.6.5',
24 verbose parsed url   href: 'grunt-contrib-coffee@~0.6.5' }
25 verbose cache add name="grunt-contrib-coffee" spec="~0.6.5" args=["grunt-contrib-coffee","~0.6.5"]
26 verbose parsed url { protocol: null,
26 verbose parsed url   slashes: null,
26 verbose parsed url   auth: null,
26 verbose parsed url   host: null,
26 verbose parsed url   port: null,
26 verbose parsed url   hostname: null,
26 verbose parsed url   hash: null,
26 verbose parsed url   search: null,
26 verbose parsed url   query: null,
26 verbose parsed url   pathname: '~0.6.5',
26 verbose parsed url   path: '~0.6.5',
26 verbose parsed url   href: '~0.6.5' }
27 verbose addNamed [ 'grunt-contrib-coffee', '~0.6.5' ]
28 verbose addNamed [ null, '>=0.6.5- <0.7.0-' ]
29 silly lockFile 1f66cda0-grunt-contrib-coffee-0-6-5 grunt-contrib-coffee@~0.6.5
30 verbose lock grunt-contrib-coffee@~0.6.5 /Users/AgtLucas/.npm/1f66cda0-grunt-contrib-coffee-0-6-5.lock
31 verbose cache add [ 'grunt-contrib-uglify@~0.2.0', null ]
32 verbose cache add name=undefined spec="grunt-contrib-uglify@~0.2.0" args=["grunt-contrib-uglify@~0.2.0",null]
33 verbose parsed url { protocol: null,
33 verbose parsed url   slashes: null,
33 verbose parsed url   auth: null,
33 verbose parsed url   host: null,
33 verbose parsed url   port: null,
33 verbose parsed url   hostname: null,
33 verbose parsed url   hash: null,
33 verbose parsed url   search: null,
33 verbose parsed url   query: null,
33 verbose parsed url   pathname: 'grunt-contrib-uglify@~0.2.0',
33 verbose parsed url   path: 'grunt-contrib-uglify@~0.2.0',
33 verbose parsed url   href: 'grunt-contrib-uglify@~0.2.0' }
34 verbose cache add name="grunt-contrib-uglify" spec="~0.2.0" args=["grunt-contrib-uglify","~0.2.0"]
35 verbose parsed url { protocol: null,
35 verbose parsed url   slashes: null,
35 verbose parsed url   auth: null,
35 verbose parsed url   host: null,
35 verbose parsed url   port: null,
35 verbose parsed url   hostname: null,
35 verbose parsed url   hash: null,
35 verbose parsed url   search: null,
35 verbose parsed url   query: null,
35 verbose parsed url   pathname: '~0.2.0',
35 verbose parsed url   path: '~0.2.0',
35 verbose parsed url   href: '~0.2.0' }
36 verbose addNamed [ 'grunt-contrib-uglify', '~0.2.0' ]
37 verbose addNamed [ null, '>=0.2.0- <0.3.0-' ]
38 silly lockFile 2cc6dac2-grunt-contrib-uglify-0-2-0 grunt-contrib-uglify@~0.2.0
39 verbose lock grunt-contrib-uglify@~0.2.0 /Users/AgtLucas/.npm/2cc6dac2-grunt-contrib-uglify-0-2-0.lock
40 verbose cache add [ 'grunt-contrib-compass@~0.2.0', null ]
41 verbose cache add name=undefined spec="grunt-contrib-compass@~0.2.0" args=["grunt-contrib-compass@~0.2.0",null]
42 verbose parsed url { protocol: null,
42 verbose parsed url   slashes: null,
42 verbose parsed url   auth: null,
42 verbose parsed url   host: null,
42 verbose parsed url   port: null,
42 verbose parsed url   hostname: null,
42 verbose parsed url   hash: null,
42 verbose parsed url   search: null,
42 verbose parsed url   query: null,
42 verbose parsed url   pathname: 'grunt-contrib-compass@~0.2.0',
42 verbose parsed url   path: 'grunt-contrib-compass@~0.2.0',
42 verbose parsed url   href: 'grunt-contrib-compass@~0.2.0' }
43 verbose cache add name="grunt-contrib-compass" spec="~0.2.0" args=["grunt-contrib-compass","~0.2.0"]
44 verbose parsed url { protocol: null,
44 verbose parsed url   slashes: null,
44 verbose parsed url   auth: null,
44 verbose parsed url   host: null,
44 verbose parsed url   port: null,
44 verbose parsed url   hostname: null,
44 verbose parsed url   hash: null,
44 verbose parsed url   search: null,
44 verbose parsed url   query: null,
44 verbose parsed url   pathname: '~0.2.0',
44 verbose parsed url   path: '~0.2.0',
44 verbose parsed url   href: '~0.2.0' }
45 verbose addNamed [ 'grunt-contrib-compass', '~0.2.0' ]
46 verbose addNamed [ null, '>=0.2.0- <0.3.0-' ]
47 silly lockFile f2e16aab-grunt-contrib-compass-0-2-0 grunt-contrib-compass@~0.2.0
48 verbose lock grunt-contrib-compass@~0.2.0 /Users/AgtLucas/.npm/f2e16aab-grunt-contrib-compass-0-2-0.lock
49 verbose cache add [ 'grunt-contrib-jshint@~0.4.1', null ]
50 verbose cache add name=undefined spec="grunt-contrib-jshint@~0.4.1" args=["grunt-contrib-jshint@~0.4.1",null]
51 verbose parsed url { protocol: null,
51 verbose parsed url   slashes: null,
51 verbose parsed url   auth: null,
51 verbose parsed url   host: null,
51 verbose parsed url   port: null,
51 verbose parsed url   hostname: null,
51 verbose parsed url   hash: null,
51 verbose parsed url   search: null,
51 verbose parsed url   query: null,
51 verbose parsed url   pathname: 'grunt-contrib-jshint@~0.4.1',
51 verbose parsed url   path: 'grunt-contrib-jshint@~0.4.1',
51 verbose parsed url   href: 'grunt-contrib-jshint@~0.4.1' }
52 verbose cache add name="grunt-contrib-jshint" spec="~0.4.1" args=["grunt-contrib-jshint","~0.4.1"]
53 verbose parsed url { protocol: null,
53 verbose parsed url   slashes: null,
53 verbose parsed url   auth: null,
53 verbose parsed url   host: null,
53 verbose parsed url   port: null,
53 verbose parsed url   hostname: null,
53 verbose parsed url   hash: null,
53 verbose parsed url   search: null,
53 verbose parsed url   query: null,
53 verbose parsed url   pathname: '~0.4.1',
53 verbose parsed url   path: '~0.4.1',
53 verbose parsed url   href: '~0.4.1' }
54 verbose addNamed [ 'grunt-contrib-jshint', '~0.4.1' ]
55 verbose addNamed [ null, '>=0.4.1- <0.5.0-' ]
56 silly lockFile 07e17f92-grunt-contrib-jshint-0-4-1 grunt-contrib-jshint@~0.4.1
57 verbose lock grunt-contrib-jshint@~0.4.1 /Users/AgtLucas/.npm/07e17f92-grunt-contrib-jshint-0-4-1.lock
58 verbose cache add [ 'grunt-contrib-cssmin@~0.6.0', null ]
59 verbose cache add name=undefined spec="grunt-contrib-cssmin@~0.6.0" args=["grunt-contrib-cssmin@~0.6.0",null]
60 verbose parsed url { protocol: null,
60 verbose parsed url   slashes: null,
60 verbose parsed url   auth: null,
60 verbose parsed url   host: null,
60 verbose parsed url   port: null,
60 verbose parsed url   hostname: null,
60 verbose parsed url   hash: null,
60 verbose parsed url   search: null,
60 verbose parsed url   query: null,
60 verbose parsed url   pathname: 'grunt-contrib-cssmin@~0.6.0',
60 verbose parsed url   path: 'grunt-contrib-cssmin@~0.6.0',
60 verbose parsed url   href: 'grunt-contrib-cssmin@~0.6.0' }
61 verbose cache add name="grunt-contrib-cssmin" spec="~0.6.0" args=["grunt-contrib-cssmin","~0.6.0"]
62 verbose parsed url { protocol: null,
62 verbose parsed url   slashes: null,
62 verbose parsed url   auth: null,
62 verbose parsed url   host: null,
62 verbose parsed url   port: null,
62 verbose parsed url   hostname: null,
62 verbose parsed url   hash: null,
62 verbose parsed url   search: null,
62 verbose parsed url   query: null,
62 verbose parsed url   pathname: '~0.6.0',
62 verbose parsed url   path: '~0.6.0',
62 verbose parsed url   href: '~0.6.0' }
63 verbose addNamed [ 'grunt-contrib-cssmin', '~0.6.0' ]
64 verbose addNamed [ null, '>=0.6.0- <0.7.0-' ]
65 silly lockFile 681ad0ec-grunt-contrib-cssmin-0-6-0 grunt-contrib-cssmin@~0.6.0
66 verbose lock grunt-contrib-cssmin@~0.6.0 /Users/AgtLucas/.npm/681ad0ec-grunt-contrib-cssmin-0-6-0.lock
67 verbose cache add [ 'grunt-contrib-connect@~0.2.0', null ]
68 verbose cache add name=undefined spec="grunt-contrib-connect@~0.2.0" args=["grunt-contrib-connect@~0.2.0",null]
69 verbose parsed url { protocol: null,
69 verbose parsed url   slashes: null,
69 verbose parsed url   auth: null,
69 verbose parsed url   host: null,
69 verbose parsed url   port: null,
69 verbose parsed url   hostname: null,
69 verbose parsed url   hash: null,
69 verbose parsed url   search: null,
69 verbose parsed url   query: null,
69 verbose parsed url   pathname: 'grunt-contrib-connect@~0.2.0',
69 verbose parsed url   path: 'grunt-contrib-connect@~0.2.0',
69 verbose parsed url   href: 'grunt-contrib-connect@~0.2.0' }
70 verbose cache add name="grunt-contrib-connect" spec="~0.2.0" args=["grunt-contrib-connect","~0.2.0"]
71 verbose parsed url { protocol: null,
71 verbose parsed url   slashes: null,
71 verbose parsed url   auth: null,
71 verbose parsed url   host: null,
71 verbose parsed url   port: null,
71 verbose parsed url   hostname: null,
71 verbose parsed url   hash: null,
71 verbose parsed url   search: null,
71 verbose parsed url   query: null,
71 verbose parsed url   pathname: '~0.2.0',
71 verbose parsed url   path: '~0.2.0',
71 verbose parsed url   href: '~0.2.0' }
72 verbose addNamed [ 'grunt-contrib-connect', '~0.2.0' ]
73 verbose addNamed [ null, '>=0.2.0- <0.3.0-' ]
74 silly lockFile 37225af9-grunt-contrib-connect-0-2-0 grunt-contrib-connect@~0.2.0
75 verbose lock grunt-contrib-connect@~0.2.0 /Users/AgtLucas/.npm/37225af9-grunt-contrib-connect-0-2-0.lock
76 verbose cache add [ 'grunt-contrib-clean@~0.4.0', null ]
77 verbose cache add name=undefined spec="grunt-contrib-clean@~0.4.0" args=["grunt-contrib-clean@~0.4.0",null]
78 verbose parsed url { protocol: null,
78 verbose parsed url   slashes: null,
78 verbose parsed url   auth: null,
78 verbose parsed url   host: null,
78 verbose parsed url   port: null,
78 verbose parsed url   hostname: null,
78 verbose parsed url   hash: null,
78 verbose parsed url   search: null,
78 verbose parsed url   query: null,
78 verbose parsed url   pathname: 'grunt-contrib-clean@~0.4.0',
78 verbose parsed url   path: 'grunt-contrib-clean@~0.4.0',
78 verbose parsed url   href: 'grunt-contrib-clean@~0.4.0' }
79 verbose cache add name="grunt-contrib-clean" spec="~0.4.0" args=["grunt-contrib-clean","~0.4.0"]
80 verbose parsed url { protocol: null,
80 verbose parsed url   slashes: null,
80 verbose parsed url   auth: null,
80 verbose parsed url   host: null,
80 verbose parsed url   port: null,
80 verbose parsed url   hostname: null,
80 verbose parsed url   hash: null,
80 verbose parsed url   search: null,
80 verbose parsed url   query: null,
80 verbose parsed url   pathname: '~0.4.0',
80 verbose parsed url   path: '~0.4.0',
80 verbose parsed url   href: '~0.4.0' }
81 verbose addNamed [ 'grunt-contrib-clean', '~0.4.0' ]
82 verbose addNamed [ null, '>=0.4.0- <0.5.0-' ]
83 silly lockFile 9d1c9db7-grunt-contrib-clean-0-4-0 grunt-contrib-clean@~0.4.0
84 verbose lock grunt-contrib-clean@~0.4.0 /Users/AgtLucas/.npm/9d1c9db7-grunt-contrib-clean-0-4-0.lock
85 verbose cache add [ 'grunt-contrib-htmlmin@~0.1.3', null ]
86 verbose cache add name=undefined spec="grunt-contrib-htmlmin@~0.1.3" args=["grunt-contrib-htmlmin@~0.1.3",null]
87 verbose parsed url { protocol: null,
87 verbose parsed url   slashes: null,
87 verbose parsed url   auth: null,
87 verbose parsed url   host: null,
87 verbose parsed url   port: null,
87 verbose parsed url   hostname: null,
87 verbose parsed url   hash: null,
87 verbose parsed url   search: null,
87 verbose parsed url   query: null,
87 verbose parsed url   pathname: 'grunt-contrib-htmlmin@~0.1.3',
87 verbose parsed url   path: 'grunt-contrib-htmlmin@~0.1.3',
87 verbose parsed url   href: 'grunt-contrib-htmlmin@~0.1.3' }
88 verbose cache add name="grunt-contrib-htmlmin" spec="~0.1.3" args=["grunt-contrib-htmlmin","~0.1.3"]
89 verbose parsed url { protocol: null,
89 verbose parsed url   slashes: null,
89 verbose parsed url   auth: null,
89 verbose parsed url   host: null,
89 verbose parsed url   port: null,
89 verbose parsed url   hostname: null,
89 verbose parsed url   hash: null,
89 verbose parsed url   search: null,
89 verbose parsed url   query: null,
89 verbose parsed url   pathname: '~0.1.3',
89 verbose parsed url   path: '~0.1.3',
89 verbose parsed url   href: '~0.1.3' }
90 verbose addNamed [ 'grunt-contrib-htmlmin', '~0.1.3' ]
91 verbose addNamed [ null, '>=0.1.3- <0.2.0-' ]
92 silly lockFile 2f1223f9-grunt-contrib-htmlmin-0-1-3 grunt-contrib-htmlmin@~0.1.3
93 verbose lock grunt-contrib-htmlmin@~0.1.3 /Users/AgtLucas/.npm/2f1223f9-grunt-contrib-htmlmin-0-1-3.lock
94 verbose cache add [ 'grunt-contrib-imagemin@~0.1.3', null ]
95 verbose cache add name=undefined spec="grunt-contrib-imagemin@~0.1.3" args=["grunt-contrib-imagemin@~0.1.3",null]
96 verbose parsed url { protocol: null,
96 verbose parsed url   slashes: null,
96 verbose parsed url   auth: null,
96 verbose parsed url   host: null,
96 verbose parsed url   port: null,
96 verbose parsed url   hostname: null,
96 verbose parsed url   hash: null,
96 verbose parsed url   search: null,
96 verbose parsed url   query: null,
96 verbose parsed url   pathname: 'grunt-contrib-imagemin@~0.1.3',
96 verbose parsed url   path: 'grunt-contrib-imagemin@~0.1.3',
96 verbose parsed url   href: 'grunt-contrib-imagemin@~0.1.3' }
97 verbose cache add name="grunt-contrib-imagemin" spec="~0.1.3" args=["grunt-contrib-imagemin","~0.1.3"]
98 verbose parsed url { protocol: null,
98 verbose parsed url   slashes: null,
98 verbose parsed url   auth: null,
98 verbose parsed url   host: null,
98 verbose parsed url   port: null,
98 verbose parsed url   hostname: null,
98 verbose parsed url   hash: null,
98 verbose parsed url   search: null,
98 verbose parsed url   query: null,
98 verbose parsed url   pathname: '~0.1.3',
98 verbose parsed url   path: '~0.1.3',
98 verbose parsed url   href: '~0.1.3' }
99 verbose addNamed [ 'grunt-contrib-imagemin', '~0.1.3' ]
100 verbose addNamed [ null, '>=0.1.3- <0.2.0-' ]
101 silly lockFile cc92541f-grunt-contrib-imagemin-0-1-3 grunt-contrib-imagemin@~0.1.3
102 verbose lock grunt-contrib-imagemin@~0.1.3 /Users/AgtLucas/.npm/cc92541f-grunt-contrib-imagemin-0-1-3.lock
103 verbose cache add [ 'grunt-bower-requirejs@~0.4.1', null ]
104 verbose cache add name=undefined spec="grunt-bower-requirejs@~0.4.1" args=["grunt-bower-requirejs@~0.4.1",null]
105 verbose parsed url { protocol: null,
105 verbose parsed url   slashes: null,
105 verbose parsed url   auth: null,
105 verbose parsed url   host: null,
105 verbose parsed url   port: null,
105 verbose parsed url   hostname: null,
105 verbose parsed url   hash: null,
105 verbose parsed url   search: null,
105 verbose parsed url   query: null,
105 verbose parsed url   pathname: 'grunt-bower-requirejs@~0.4.1',
105 verbose parsed url   path: 'grunt-bower-requirejs@~0.4.1',
105 verbose parsed url   href: 'grunt-bower-requirejs@~0.4.1' }
106 verbose cache add name="grunt-bower-requirejs" spec="~0.4.1" args=["grunt-bower-requirejs","~0.4.1"]
107 verbose parsed url { protocol: null,
107 verbose parsed url   slashes: null,
107 verbose parsed url   auth: null,
107 verbose parsed url   host: null,
107 verbose parsed url   port: null,
107 verbose parsed url   hostname: null,
107 verbose parsed url   hash: null,
107 verbose parsed url   search: null,
107 verbose parsed url   query: null,
107 verbose parsed url   pathname: '~0.4.1',
107 verbose parsed url   path: '~0.4.1',
107 verbose parsed url   href: '~0.4.1' }
108 verbose addNamed [ 'grunt-bower-requirejs', '~0.4.1' ]
109 verbose addNamed [ null, '>=0.4.1- <0.5.0-' ]
110 silly lockFile 3cce47c9-grunt-bower-requirejs-0-4-1 grunt-bower-requirejs@~0.4.1
111 verbose lock grunt-bower-requirejs@~0.4.1 /Users/AgtLucas/.npm/3cce47c9-grunt-bower-requirejs-0-4-1.lock
112 verbose cache add [ 'grunt-contrib-watch@~0.4.0', null ]
113 verbose cache add name=undefined spec="grunt-contrib-watch@~0.4.0" args=["grunt-contrib-watch@~0.4.0",null]
114 verbose parsed url { protocol: null,
114 verbose parsed url   slashes: null,
114 verbose parsed url   auth: null,
114 verbose parsed url   host: null,
114 verbose parsed url   port: null,
114 verbose parsed url   hostname: null,
114 verbose parsed url   hash: null,
114 verbose parsed url   search: null,
114 verbose parsed url   query: null,
114 verbose parsed url   pathname: 'grunt-contrib-watch@~0.4.0',
114 verbose parsed url   path: 'grunt-contrib-watch@~0.4.0',
114 verbose parsed url   href: 'grunt-contrib-watch@~0.4.0' }
115 verbose cache add name="grunt-contrib-watch" spec="~0.4.0" args=["grunt-contrib-watch","~0.4.0"]
116 verbose parsed url { protocol: null,
116 verbose parsed url   slashes: null,
116 verbose parsed url   auth: null,
116 verbose parsed url   host: null,
116 verbose parsed url   port: null,
116 verbose parsed url   hostname: null,
116 verbose parsed url   hash: null,
116 verbose parsed url   search: null,
116 verbose parsed url   query: null,
116 verbose parsed url   pathname: '~0.4.0',
116 verbose parsed url   path: '~0.4.0',
116 verbose parsed url   href: '~0.4.0' }
117 verbose addNamed [ 'grunt-contrib-watch', '~0.4.0' ]
118 verbose addNamed [ null, '>=0.4.0- <0.5.0-' ]
119 silly lockFile a1b987bc-grunt-contrib-watch-0-4-0 grunt-contrib-watch@~0.4.0
120 verbose lock grunt-contrib-watch@~0.4.0 /Users/AgtLucas/.npm/a1b987bc-grunt-contrib-watch-0-4-0.lock
121 verbose cache add [ 'grunt-rev@~0.1.0', null ]
122 verbose cache add name=undefined spec="grunt-rev@~0.1.0" args=["grunt-rev@~0.1.0",null]
123 verbose parsed url { protocol: null,
123 verbose parsed url   slashes: null,
123 verbose parsed url   auth: null,
123 verbose parsed url   host: null,
123 verbose parsed url   port: null,
123 verbose parsed url   hostname: null,
123 verbose parsed url   hash: null,
123 verbose parsed url   search: null,
123 verbose parsed url   query: null,
123 verbose parsed url   pathname: 'grunt-rev@~0.1.0',
123 verbose parsed url   path: 'grunt-rev@~0.1.0',
123 verbose parsed url   href: 'grunt-rev@~0.1.0' }
124 verbose cache add name="grunt-rev" spec="~0.1.0" args=["grunt-rev","~0.1.0"]
125 verbose parsed url { protocol: null,
125 verbose parsed url   slashes: null,
125 verbose parsed url   auth: null,
125 verbose parsed url   host: null,
125 verbose parsed url   port: null,
125 verbose parsed url   hostname: null,
125 verbose parsed url   hash: null,
125 verbose parsed url   search: null,
125 verbose parsed url   query: null,
125 verbose parsed url   pathname: '~0.1.0',
125 verbose parsed url   path: '~0.1.0',
125 verbose parsed url   href: '~0.1.0' }
126 verbose addNamed [ 'grunt-rev', '~0.1.0' ]
127 verbose addNamed [ null, '>=0.1.0- <0.2.0-' ]
128 silly lockFile a3a49760-grunt-rev-0-1-0 grunt-rev@~0.1.0
129 verbose lock grunt-rev@~0.1.0 /Users/AgtLucas/.npm/a3a49760-grunt-rev-0-1-0.lock
130 verbose cache add [ 'grunt-contrib-requirejs@~0.4.0', null ]
131 verbose cache add name=undefined spec="grunt-contrib-requirejs@~0.4.0" args=["grunt-contrib-requirejs@~0.4.0",null]
132 verbose parsed url { protocol: null,
132 verbose parsed url   slashes: null,
132 verbose parsed url   auth: null,
132 verbose parsed url   host: null,
132 verbose parsed url   port: null,
132 verbose parsed url   hostname: null,
132 verbose parsed url   hash: null,
132 verbose parsed url   search: null,
132 verbose parsed url   query: null,
132 verbose parsed url   pathname: 'grunt-contrib-requirejs@~0.4.0',
132 verbose parsed url   path: 'grunt-contrib-requirejs@~0.4.0',
132 verbose parsed url   href: 'grunt-contrib-requirejs@~0.4.0' }
133 verbose cache add name="grunt-contrib-requirejs" spec="~0.4.0" args=["grunt-contrib-requirejs","~0.4.0"]
134 verbose parsed url { protocol: null,
134 verbose parsed url   slashes: null,
134 verbose parsed url   auth: null,
134 verbose parsed url   host: null,
134 verbose parsed url   port: null,
134 verbose parsed url   hostname: null,
134 verbose parsed url   hash: null,
134 verbose parsed url   search: null,
134 verbose parsed url   query: null,
134 verbose parsed url   pathname: '~0.4.0',
134 verbose parsed url   path: '~0.4.0',
134 verbose parsed url   href: '~0.4.0' }
135 verbose addNamed [ 'grunt-contrib-requirejs', '~0.4.0' ]
136 verbose addNamed [ null, '>=0.4.0- <0.5.0-' ]
137 silly lockFile de923408-grunt-contrib-requirejs-0-4-0 grunt-contrib-requirejs@~0.4.0
138 verbose lock grunt-contrib-requirejs@~0.4.0 /Users/AgtLucas/.npm/de923408-grunt-contrib-requirejs-0-4-0.lock
139 verbose cache add [ 'grunt-autoprefixer@~0.1.20130516', null ]
140 verbose cache add name=undefined spec="grunt-autoprefixer@~0.1.20130516" args=["grunt-autoprefixer@~0.1.20130516",null]
141 verbose parsed url { protocol: null,
141 verbose parsed url   slashes: null,
141 verbose parsed url   auth: null,
141 verbose parsed url   host: null,
141 verbose parsed url   port: null,
141 verbose parsed url   hostname: null,
141 verbose parsed url   hash: null,
141 verbose parsed url   search: null,
141 verbose parsed url   query: null,
141 verbose parsed url   pathname: 'grunt-autoprefixer@~0.1.20130516',
141 verbose parsed url   path: 'grunt-autoprefixer@~0.1.20130516',
141 verbose parsed url   href: 'grunt-autoprefixer@~0.1.20130516' }
142 verbose cache add name="grunt-autoprefixer" spec="~0.1.20130516" args=["grunt-autoprefixer","~0.1.20130516"]
143 verbose parsed url { protocol: null,
143 verbose parsed url   slashes: null,
143 verbose parsed url   auth: null,
143 verbose parsed url   host: null,
143 verbose parsed url   port: null,
143 verbose parsed url   hostname: null,
143 verbose parsed url   hash: null,
143 verbose parsed url   search: null,
143 verbose parsed url   query: null,
143 verbose parsed url   pathname: '~0.1.20130516',
143 verbose parsed url   path: '~0.1.20130516',
143 verbose parsed url   href: '~0.1.20130516' }
144 verbose addNamed [ 'grunt-autoprefixer', '~0.1.20130516' ]
145 verbose addNamed [ null, '>=0.1.20130516- <0.2.0-' ]
146 silly lockFile 7da515f9-grunt-autoprefixer-0-1-20130516 grunt-autoprefixer@~0.1.20130516
147 verbose lock grunt-autoprefixer@~0.1.20130516 /Users/AgtLucas/.npm/7da515f9-grunt-autoprefixer-0-1-20130516.lock
148 verbose cache add [ 'grunt-usemin@~0.1.10', null ]
149 verbose cache add name=undefined spec="grunt-usemin@~0.1.10" args=["grunt-usemin@~0.1.10",null]
150 verbose parsed url { protocol: null,
150 verbose parsed url   slashes: null,
150 verbose parsed url   auth: null,
150 verbose parsed url   host: null,
150 verbose parsed url   port: null,
150 verbose parsed url   hostname: null,
150 verbose parsed url   hash: null,
150 verbose parsed url   search: null,
150 verbose parsed url   query: null,
150 verbose parsed url   pathname: 'grunt-usemin@~0.1.10',
150 verbose parsed url   path: 'grunt-usemin@~0.1.10',
150 verbose parsed url   href: 'grunt-usemin@~0.1.10' }
151 verbose cache add name="grunt-usemin" spec="~0.1.10" args=["grunt-usemin","~0.1.10"]
152 verbose parsed url { protocol: null,
152 verbose parsed url   slashes: null,
152 verbose parsed url   auth: null,
152 verbose parsed url   host: null,
152 verbose parsed url   port: null,
152 verbose parsed url   hostname: null,
152 verbose parsed url   hash: null,
152 verbose parsed url   search: null,
152 verbose parsed url   query: null,
152 verbose parsed url   pathname: '~0.1.10',
152 verbose parsed url   path: '~0.1.10',
152 verbose parsed url   href: '~0.1.10' }
153 verbose addNamed [ 'grunt-usemin', '~0.1.10' ]
154 verbose addNamed [ null, '>=0.1.10- <0.2.0-' ]
155 silly lockFile 9870b616-grunt-usemin-0-1-10 grunt-usemin@~0.1.10
156 verbose lock grunt-usemin@~0.1.10 /Users/AgtLucas/.npm/9870b616-grunt-usemin-0-1-10.lock
157 verbose cache add [ 'grunt-mocha@~0.3.0', null ]
158 verbose cache add name=undefined spec="grunt-mocha@~0.3.0" args=["grunt-mocha@~0.3.0",null]
159 verbose parsed url { protocol: null,
159 verbose parsed url   slashes: null,
159 verbose parsed url   auth: null,
159 verbose parsed url   host: null,
159 verbose parsed url   port: null,
159 verbose parsed url   hostname: null,
159 verbose parsed url   hash: null,
159 verbose parsed url   search: null,
159 verbose parsed url   query: null,
159 verbose parsed url   pathname: 'grunt-mocha@~0.3.0',
159 verbose parsed url   path: 'grunt-mocha@~0.3.0',
159 verbose parsed url   href: 'grunt-mocha@~0.3.0' }
160 verbose cache add name="grunt-mocha" spec="~0.3.0" args=["grunt-mocha","~0.3.0"]
161 verbose parsed url { protocol: null,
161 verbose parsed url   slashes: null,
161 verbose parsed url   auth: null,
161 verbose parsed url   host: null,
161 verbose parsed url   port: null,
161 verbose parsed url   hostname: null,
161 verbose parsed url   hash: null,
161 verbose parsed url   search: null,
161 verbose parsed url   query: null,
161 verbose parsed url   pathname: '~0.3.0',
161 verbose parsed url   path: '~0.3.0',
161 verbose parsed url   href: '~0.3.0' }
162 verbose addNamed [ 'grunt-mocha', '~0.3.0' ]
163 verbose addNamed [ null, '>=0.3.0- <0.4.0-' ]
164 silly lockFile 7a06ee59-grunt-mocha-0-3-0 grunt-mocha@~0.3.0
165 verbose lock grunt-mocha@~0.3.0 /Users/AgtLucas/.npm/7a06ee59-grunt-mocha-0-3-0.lock
166 verbose cache add [ 'grunt-open@~0.2.0', null ]
167 verbose cache add name=undefined spec="grunt-open@~0.2.0" args=["grunt-open@~0.2.0",null]
168 verbose parsed url { protocol: null,
168 verbose parsed url   slashes: null,
168 verbose parsed url   auth: null,
168 verbose parsed url   host: null,
168 verbose parsed url   port: null,
168 verbose parsed url   hostname: null,
168 verbose parsed url   hash: null,
168 verbose parsed url   search: null,
168 verbose parsed url   query: null,
168 verbose parsed url   pathname: 'grunt-open@~0.2.0',
168 verbose parsed url   path: 'grunt-open@~0.2.0',
168 verbose parsed url   href: 'grunt-open@~0.2.0' }
169 verbose cache add name="grunt-open" spec="~0.2.0" args=["grunt-open","~0.2.0"]
170 verbose parsed url { protocol: null,
170 verbose parsed url   slashes: null,
170 verbose parsed url   auth: null,
170 verbose parsed url   host: null,
170 verbose parsed url   port: null,
170 verbose parsed url   hostname: null,
170 verbose parsed url   hash: null,
170 verbose parsed url   search: null,
170 verbose parsed url   query: null,
170 verbose parsed url   pathname: '~0.2.0',
170 verbose parsed url   path: '~0.2.0',
170 verbose parsed url   href: '~0.2.0' }
171 verbose addNamed [ 'grunt-open', '~0.2.0' ]
172 verbose addNamed [ null, '>=0.2.0- <0.3.0-' ]
173 silly lockFile a449c8be-grunt-open-0-2-0 grunt-open@~0.2.0
174 verbose lock grunt-open@~0.2.0 /Users/AgtLucas/.npm/a449c8be-grunt-open-0-2-0.lock
175 verbose cache add [ 'grunt-svgmin@~0.1.0', null ]
176 verbose cache add name=undefined spec="grunt-svgmin@~0.1.0" args=["grunt-svgmin@~0.1.0",null]
177 verbose parsed url { protocol: null,
177 verbose parsed url   slashes: null,
177 verbose parsed url   auth: null,
177 verbose parsed url   host: null,
177 verbose parsed url   port: null,
177 verbose parsed url   hostname: null,
177 verbose parsed url   hash: null,
177 verbose parsed url   search: null,
177 verbose parsed url   query: null,
177 verbose parsed url   pathname: 'grunt-svgmin@~0.1.0',
177 verbose parsed url   path: 'grunt-svgmin@~0.1.0',
177 verbose parsed url   href: 'grunt-svgmin@~0.1.0' }
178 verbose cache add name="grunt-svgmin" spec="~0.1.0" args=["grunt-svgmin","~0.1.0"]
179 verbose parsed url { protocol: null,
179 verbose parsed url   slashes: null,
179 verbose parsed url   auth: null,
179 verbose parsed url   host: null,
179 verbose parsed url   port: null,
179 verbose parsed url   hostname: null,
179 verbose parsed url   hash: null,
179 verbose parsed url   search: null,
179 verbose parsed url   query: null,
179 verbose parsed url   pathname: '~0.1.0',
179 verbose parsed url   path: '~0.1.0',
179 verbose parsed url   href: '~0.1.0' }
180 verbose addNamed [ 'grunt-svgmin', '~0.1.0' ]
181 verbose addNamed [ null, '>=0.1.0- <0.2.0-' ]
182 silly lockFile 7f81f70a-grunt-svgmin-0-1-0 grunt-svgmin@~0.1.0
183 verbose lock grunt-svgmin@~0.1.0 /Users/AgtLucas/.npm/7f81f70a-grunt-svgmin-0-1-0.lock
184 verbose cache add [ 'grunt-concurrent@~0.1.0', null ]
185 verbose cache add name=undefined spec="grunt-concurrent@~0.1.0" args=["grunt-concurrent@~0.1.0",null]
186 verbose parsed url { protocol: null,
186 verbose parsed url   slashes: null,
186 verbose parsed url   auth: null,
186 verbose parsed url   host: null,
186 verbose parsed url   port: null,
186 verbose parsed url   hostname: null,
186 verbose parsed url   hash: null,
186 verbose parsed url   search: null,
186 verbose parsed url   query: null,
186 verbose parsed url   pathname: 'grunt-concurrent@~0.1.0',
186 verbose parsed url   path: 'grunt-concurrent@~0.1.0',
186 verbose parsed url   href: 'grunt-concurrent@~0.1.0' }
187 verbose cache add name="grunt-concurrent" spec="~0.1.0" args=["grunt-concurrent","~0.1.0"]
188 verbose parsed url { protocol: null,
188 verbose parsed url   slashes: null,
188 verbose parsed url   auth: null,
188 verbose parsed url   host: null,
188 verbose parsed url   port: null,
188 verbose parsed url   hostname: null,
188 verbose parsed url   hash: null,
188 verbose parsed url   search: null,
188 verbose parsed url   query: null,
188 verbose parsed url   pathname: '~0.1.0',
188 verbose parsed url   path: '~0.1.0',
188 verbose parsed url   href: '~0.1.0' }
189 verbose addNamed [ 'grunt-concurrent', '~0.1.0' ]
190 verbose addNamed [ null, '>=0.1.0- <0.2.0-' ]
191 silly lockFile fbd43407-grunt-concurrent-0-1-0 grunt-concurrent@~0.1.0
192 verbose lock grunt-concurrent@~0.1.0 /Users/AgtLucas/.npm/fbd43407-grunt-concurrent-0-1-0.lock
193 verbose cache add [ 'matchdep@~0.1.1', null ]
194 verbose cache add name=undefined spec="matchdep@~0.1.1" args=["matchdep@~0.1.1",null]
195 verbose parsed url { protocol: null,
195 verbose parsed url   slashes: null,
195 verbose parsed url   auth: null,
195 verbose parsed url   host: null,
195 verbose parsed url   port: null,
195 verbose parsed url   hostname: null,
195 verbose parsed url   hash: null,
195 verbose parsed url   search: null,
195 verbose parsed url   query: null,
195 verbose parsed url   pathname: 'matchdep@~0.1.1',
195 verbose parsed url   path: 'matchdep@~0.1.1',
195 verbose parsed url   href: 'matchdep@~0.1.1' }
196 verbose cache add name="matchdep" spec="~0.1.1" args=["matchdep","~0.1.1"]
197 verbose parsed url { protocol: null,
197 verbose parsed url   slashes: null,
197 verbose parsed url   auth: null,
197 verbose parsed url   host: null,
197 verbose parsed url   port: null,
197 verbose parsed url   hostname: null,
197 verbose parsed url   hash: null,
197 verbose parsed url   search: null,
197 verbose parsed url   query: null,
197 verbose parsed url   pathname: '~0.1.1',
197 verbose parsed url   path: '~0.1.1',
197 verbose parsed url   href: '~0.1.1' }
198 verbose addNamed [ 'matchdep', '~0.1.1' ]
199 verbose addNamed [ null, '>=0.1.1- <0.2.0-' ]
200 silly lockFile 5c68bc92-matchdep-0-1-1 matchdep@~0.1.1
201 verbose lock matchdep@~0.1.1 /Users/AgtLucas/.npm/5c68bc92-matchdep-0-1-1.lock
202 verbose cache add [ 'connect-livereload@~0.2.0', null ]
203 verbose cache add name=undefined spec="connect-livereload@~0.2.0" args=["connect-livereload@~0.2.0",null]
204 verbose parsed url { protocol: null,
204 verbose parsed url   slashes: null,
204 verbose parsed url   auth: null,
204 verbose parsed url   host: null,
204 verbose parsed url   port: null,
204 verbose parsed url   hostname: null,
204 verbose parsed url   hash: null,
204 verbose parsed url   search: null,
204 verbose parsed url   query: null,
204 verbose parsed url   pathname: 'connect-livereload@~0.2.0',
204 verbose parsed url   path: 'connect-livereload@~0.2.0',
204 verbose parsed url   href: 'connect-livereload@~0.2.0' }
205 verbose cache add name="connect-livereload" spec="~0.2.0" args=["connect-livereload","~0.2.0"]
206 verbose parsed url { protocol: null,
206 verbose parsed url   slashes: null,
206 verbose parsed url   auth: null,
206 verbose parsed url   host: null,
206 verbose parsed url   port: null,
206 verbose parsed url   hostname: null,
206 verbose parsed url   hash: null,
206 verbose parsed url   search: null,
206 verbose parsed url   query: null,
206 verbose parsed url   pathname: '~0.2.0',
206 verbose parsed url   path: '~0.2.0',
206 verbose parsed url   href: '~0.2.0' }
207 verbose addNamed [ 'connect-livereload', '~0.2.0' ]
208 verbose addNamed [ null, '>=0.2.0- <0.3.0-' ]
209 silly lockFile 78f564f0-connect-livereload-0-2-0 connect-livereload@~0.2.0
210 verbose lock connect-livereload@~0.2.0 /Users/AgtLucas/.npm/78f564f0-connect-livereload-0-2-0.lock
211 verbose cache add [ 'grunt@~0.4.1', null ]
212 verbose cache add name=undefined spec="grunt@~0.4.1" args=["grunt@~0.4.1",null]
213 verbose parsed url { protocol: null,
213 verbose parsed url   slashes: null,
213 verbose parsed url   auth: null,
213 verbose parsed url   host: null,
213 verbose parsed url   port: null,
213 verbose parsed url   hostname: null,
213 verbose parsed url   hash: null,
213 verbose parsed url   search: null,
213 verbose parsed url   query: null,
213 verbose parsed url   pathname: 'grunt@~0.4.1',
213 verbose parsed url   path: 'grunt@~0.4.1',
213 verbose parsed url   href: 'grunt@~0.4.1' }
214 verbose cache add name="grunt" spec="~0.4.1" args=["grunt","~0.4.1"]
215 verbose parsed url { protocol: null,
215 verbose parsed url   slashes: null,
215 verbose parsed url   auth: null,
215 verbose parsed url   host: null,
215 verbose parsed url   port: null,
215 verbose parsed url   hostname: null,
215 verbose parsed url   hash: null,
215 verbose parsed url   search: null,
215 verbose parsed url   query: null,
215 verbose parsed url   pathname: '~0.4.1',
215 verbose parsed url   path: '~0.4.1',
215 verbose parsed url   href: '~0.4.1' }
216 verbose addNamed [ 'grunt', '~0.4.1' ]
217 verbose addNamed [ null, '>=0.4.1- <0.5.0-' ]
218 silly lockFile 766a3bd3-grunt-0-4-1 grunt@~0.4.1
219 verbose lock grunt@~0.4.1 /Users/AgtLucas/.npm/766a3bd3-grunt-0-4-1.lock
220 verbose cache add [ 'grunt-contrib-copy@~0.4.1', null ]
221 verbose cache add name=undefined spec="grunt-contrib-copy@~0.4.1" args=["grunt-contrib-copy@~0.4.1",null]
222 verbose parsed url { protocol: null,
222 verbose parsed url   slashes: null,
222 verbose parsed url   auth: null,
222 verbose parsed url   host: null,
222 verbose parsed url   port: null,
222 verbose parsed url   hostname: null,
222 verbose parsed url   hash: null,
222 verbose parsed url   search: null,
222 verbose parsed url   query: null,
222 verbose parsed url   pathname: 'grunt-contrib-copy@~0.4.1',
222 verbose parsed url   path: 'grunt-contrib-copy@~0.4.1',
222 verbose parsed url   href: 'grunt-contrib-copy@~0.4.1' }
223 verbose cache add name="grunt-contrib-copy" spec="~0.4.1" args=["grunt-contrib-copy","~0.4.1"]
224 verbose parsed url { protocol: null,
224 verbose parsed url   slashes: null,
224 verbose parsed url   auth: null,
224 verbose parsed url   host: null,
224 verbose parsed url   port: null,
224 verbose parsed url   hostname: null,
224 verbose parsed url   hash: null,
224 verbose parsed url   search: null,
224 verbose parsed url   query: null,
224 verbose parsed url   pathname: '~0.4.1',
224 verbose parsed url   path: '~0.4.1',
224 verbose parsed url   href: '~0.4.1' }
225 verbose addNamed [ 'grunt-contrib-copy', '~0.4.1' ]
226 verbose addNamed [ null, '>=0.4.1- <0.5.0-' ]
227 silly lockFile c84f658a-grunt-contrib-copy-0-4-1 grunt-contrib-copy@~0.4.1
228 verbose lock grunt-contrib-copy@~0.4.1 /Users/AgtLucas/.npm/c84f658a-grunt-contrib-copy-0-4-1.lock
229 silly lockFile dfacc275-grunt-contrib-concat-0-1-3 grunt-contrib-concat@~0.1.3
230 error Error: EACCES, open '/Users/AgtLucas/.npm/dfacc275-grunt-contrib-concat-0-1-3.lock'
230 error  { [Error: EACCES, open '/Users/AgtLucas/.npm/dfacc275-grunt-contrib-concat-0-1-3.lock']
230 error   errno: 3,
230 error   code: 'EACCES',
230 error   path: '/Users/AgtLucas/.npm/dfacc275-grunt-contrib-concat-0-1-3.lock' }
231 error Please try running this command again as root/Administrator.
232 error System Darwin 12.4.0
233 error command "/usr/local/bin/node" "/usr/local/bin/npm" "install"
234 error cwd /Users/AgtLucas/Sites/backbone-slides
235 error node -v v0.10.11
236 error npm -v 1.2.30
237 error path /Users/AgtLucas/.npm/dfacc275-grunt-contrib-concat-0-1-3.lock
238 error code EACCES
239 error errno 3
240 error stack Error: EACCES, open '/Users/AgtLucas/.npm/dfacc275-grunt-contrib-concat-0-1-3.lock'
241 verbose exit [ 3, true ]
